{"action":"AUTH_LOGIN_FAILED","adminId":"admin:::1:anonymous","adminWallet":"unknown","status":"failure","errorMessage":"Invalid or missing JWT token","timestamp":"2026-05-28T00:05:03.749Z"}
{"action":"USER_VIEWED","adminId":"0x5b0E4eCEfd39e3c491728Aa8af5b49a83caD94B4","adminWallet":"0x5b0E4eCEfd39e3c491728Aa8af5b49a83caD94B4","status":"success","details":{"search":"","role":"","page":1,"resultCount":6},"timestamp":"2026-05-28T00:11:13.026Z"}
{"action":"USER_VIEWED","adminId":"0x5b0E4eCEfd39e3c491728Aa8af5b49a83caD94B4","adminWallet":"0x5b0E4eCEfd39e3c491728Aa8af5b49a83caD94B4","status":"success","details":{"source":"cache","search":"","role":"","page":1},"timestamp":"2026-05-28T00:12:03.898Z"}
{"action":"USER_VIEWED","adminId":"0x5b0E4eCEfd39e3c491728Aa8af5b49a83caD94B4","adminWallet":"0x5b0E4eCEfd39e3c491728Aa8af5b49a83caD94B4","status":"success","details":{"search":"ai_creator","role":"","page":1,"resultCount":1},"timestamp":"2026-05-28T00:12:21.142Z"}
{"action":"USER_VIEWED","adminId":"0x5b0E4eCEfd39e3c491728Aa8af5b49a83caD94B4","adminWallet":"0x5b0E4eCEfd39e3c491728Aa8af5b49a83caD94B4","status":"success","details":{"search":"","role":"creator","page":1,"resultCount":5},"timestamp":"2026-05-28T00:12:29.521Z"}
{"action":"USER_VIEWED","adminId":"0x5b0E4eCEfd39e3c491728Aa8af5b49a83caD94B4","adminWallet":"0x5b0E4eCEfd39e3c491728Aa8af5b49a83caD94B4","status":"success","details":{"search":"","role":"","page":2,"resultCount":2},"timestamp":"2026-05-28T00:12:43.651Z"}
{"action":"USER_VIEWED","adminId":"0x5b0E4eCEfd39e3c491728Aa8af5b49a83caD94B4","adminWallet":"0x5b0E4eCEfd39e3c491728Aa8af5b49a83caD94B4","status":"success","details":{"search":"","role":"","page":1,"resultCount":6},"timestamp":"2026-05-28T00:15:14.762Z"}
{"action":"USER_VIEWED","adminId":"0x5b0E4eCEfd39e3c491728Aa8af5b49a83caD94B4","adminWallet":"0x5b0E4eCEfd39e3c491728Aa8af5b49a83caD94B4","status":"success","details":{"source":"cache","search":"","role":"","page":1},"timestamp":"2026-05-28T00:15:14.900Z"}
{"action":"USER_VIEWED","adminId":"0x5b0E4eCEfd39e3c491728Aa8af5b49a83caD94B4","adminWallet":"0x5b0E4eCEfd39e3c491728Aa8af5b49a83caD94B4","status":"success","details":{"source":"cache","search":"","role":"","page":1},"timestamp":"2026-05-28T00:15:14.981Z"}
{"action":"USER_VIEWED","adminId":"0x5b0E4eCEfd39e3c491728Aa8af5b49a83caD94B4","adminWallet":"0x5b0E4eCEfd39e3c491728Aa8af5b49a83caD94B4","status":"success","details":{"source":"cache","search":"","role":"","page":1},"timestamp":"2026-05-28T00:15:15.050Z"}
{"action":"USER_VIEWED","adminId":"0x5b0E4eCEfd39e3c491728Aa8af5b49a83caD94B4","adminWallet":"0x5b0E4eCEfd39e3c491728Aa8af5b49a83caD94B4","status":"success","details":{"source":"cache","search":"","role":"","page":1},"timestamp":"2026-05-28T00:15:15.153Z"}
{"action":"USER_VIEWED","adminId":"0x5b0E4eCEfd39e3c491728Aa8af5b49a83caD94B4","adminWallet":"0x5b0E4eCEfd39e3c491728Aa8af5b49a83caD94B4","status":"success","details":{"source":"cache","search":"","role":"","page":1},"timestamp":"2026-05-28T00:15:15.236Z"}
{"action":"USER_VIEWED","adminId":"0x5b0E4eCEfd39e3c491728Aa8af5b49a83caD94B4","adminWallet":"0x5b0E4eCEfd39e3c491728Aa8af5b49a83caD94B4","status":"success","details":{"source":"cache","search":"","role":"","page":1},"timestamp":"2026-05-28T00:15:15.348Z"}
{"action":"USER_VIEWED","adminId":"0x5b0E4eCEfd39e3c491728Aa8af5b49a83caD94B4","adminWallet":"0x5b0E4eCEfd39e3c491728Aa8af5b49a83caD94B4","status":"success","details":{"source":"cache","search":"","role":"","page":1},"timestamp":"2026-05-28T00:15:15.519Z"}
{"action":"USER_VIEWED","adminId":"0x5b0E4eCEfd39e3c491728Aa8af5b49a83caD94B4","adminWallet":"0x5b0E4eCEfd39e3c491728Aa8af5b49a83caD94B4","status":"success","details":{"source":"cache","search":"","role":"","page":1},"timestamp":"2026-05-28T00:15:15.669Z"}
{"action":"USER_VIEWED","adminId":"0x5b0E4eCEfd39e3c491728Aa8af5b49a83caD94B4","adminWallet":"0x5b0E4eCEfd39e3c491728Aa8af5b49a83caD94B4","status":"success","details":{"source":"cache","search":"","role":"","page":1},"timestamp":"2026-05-28T00:15:15.799Z"}
{"action":"USER_VIEWED","adminId":"0x5b0E4eCEfd39e3c491728Aa8af5b49a83caD94B4","adminWallet":"0x5b0E4eCEfd39e3c491728Aa8af5b49a83caD94B4","status":"success","details":{"source":"cache","search":"","role":"","page":1},"timestamp":"2026-05-28T00:15:15.950Z"}
{"action":"USER_VIEWED","adminId":"0x5b0E4eCEfd39e3c491728Aa8af5b49a83caD94B4","adminWallet":"0x5b0E4eCEfd39e3c491728Aa8af5b49a83caD94B4","status":"success","details":{"source":"cache","search":"","role":"","page":1},"timestamp":"2026-05-28T00:15:16.039Z"}
{"action":"USER_VIEWED","adminId":"0x5b0E4eCEfd39e3c491728Aa8af5b49a83caD94B4","adminWallet":"0x5b0E4eCEfd39e3c491728Aa8af5b49a83caD94B4","status":"success","details":{"source":"cache","search":"","role":"","page":1},"timestamp":"2026-05-28T00:15:16.130Z"}
{"action":"USER_VIEWED","adminId":"0x5b0E4eCEfd39e3c491728Aa8af5b49a83caD94B4","adminWallet":"0x5b0E4eCEfd39e3c491728Aa8af5b49a83caD94B4","status":"success","details":{"source":"cache","search":"","role":"","page":1},"timestamp":"2026-05-28T00:15:16.231Z"}
{"action":"USER_VIEWED","adminId":"0x5b0E4eCEfd39e3c491728Aa8af5b49a83caD94B4","adminWallet":"0x5b0E4eCEfd39e3c491728Aa8af5b49a83caD94B4","status":"success","details":{"source":"cache","search":"","role":"","page":1},"timestamp":"2026-05-28T00:15:16.305Z"}
{"action":"USER_VIEWED","adminId":"0x5b0E4eCEfd39e3c491728Aa8af5b49a83caD94B4","adminWallet":"0x5b0E4eCEfd39e3c491728Aa8af5b49a83caD94B4","status":"success","details":{"source":"cache","search":"","role":"","page":1},"timestamp":"2026-05-28T00:15:16.369Z"}
{"action":"USER_VIEWED","adminId":"0x5b0E4eCEfd39e3c491728Aa8af5b49a83caD94B4","adminWallet":"0x5b0E4eCEfd39e3c491728Aa8af5b49a83caD94B4","status":"success","details":{"source":"cache","search":"","role":"","page":1},"timestamp":"2026-05-28T00:15:16.481Z"}
{"action":"USER_VIEWED","adminId":"0x5b0E4eCEfd39e3c491728Aa8af5b49a83caD94B4","adminWallet":"0x5b0E4eCEfd39e3c491728Aa8af5b49a83caD94B4","status":"success","details":{"source":"cache","search":"","role":"","page":1},"timestamp":"2026-05-28T00:15:16.570Z"}
{"action":"USER_VIEWED","adminId":"0x5b0E4eCEfd39e3c491728Aa8af5b49a83caD94B4","adminWallet":"0x5b0E4eCEfd39e3c491728Aa8af5b49a83caD94B4","status":"success","details":{"source":"cache","search":"","role":"","page":1},"timestamp":"2026-05-28T00:15:16.652Z"}
{"action":"USER_VIEWED","adminId":"0x5b0E4eCEfd39e3c491728Aa8af5b49a83caD94B4","adminWallet":"0x5b0E4eCEfd39e3c491728Aa8af5b49a83caD94B4","status":"success","details":{"source":"cache","search":"","role":"","page":1},"timestamp":"2026-05-28T00:15:16.716Z"}
{"action":"USER_VIEWED","adminId":"0x5b0E4eCEfd39e3c491728Aa8af5b49a83caD94B4","adminWallet":"0x5b0E4eCEfd39e3c491728Aa8af5b49a83caD94B4","status":"success","details":{"source":"cache","search":"","role":"","page":1},"timestamp":"2026-05-28T00:15:16.789Z"}
{"action":"USER_VIEWED","adminId":"0x5b0E4eCEfd39e3c491728Aa8af5b49a83caD94B4","adminWallet":"0x5b0E4eCEfd39e3c491728Aa8af5b49a83caD94B4","status":"success","details":{"source":"cache","search":"","role":"","page":1},"timestamp":"2026-05-28T00:15:16.858Z"}
{"action":"USER_VIEWED","adminId":"0x5b0E4eCEfd39e3c491728Aa8af5b49a83caD94B4","adminWallet":"0x5b0E4eCEfd39e3c491728Aa8af5b49a83caD94B4","status":"success","details":{"source":"cache","search":"","role":"","page":1},"timestamp":"2026-05-28T00:15:16.940Z"}
{"action":"USER_VIEWED","adminId":"0x5b0E4eCEfd39e3c491728Aa8af5b49a83caD94B4","adminWallet":"0x5b0E4eCEfd39e3c491728Aa8af5b49a83caD94B4","status":"success","details":{"source":"cache","search":"","role":"","page":1},"timestamp":"2026-05-28T00:15:17.027Z"}
{"action":"USER_VIEWED","adminId":"0x5b0E4eCEfd39e3c491728Aa8af5b49a83caD94B4","adminWallet":"0x5b0E4eCEfd39e3c491728Aa8af5b49a83caD94B4","status":"success","details":{"source":"cache","search":"","role":"","page":1},"timestamp":"2026-05-28T00:15:17.091Z"}
{"action":"USER_VIEWED","adminId":"0x5b0E4eCEfd39e3c491728Aa8af5b49a83caD94B4","adminWallet":"0x5b0E4eCEfd39e3c491728Aa8af5b49a83caD94B4","status":"success","details":{"source":"cache","search":"","role":"","page":1},"timestamp":"2026-05-28T00:15:17.167Z"}
{"action":"USER_VIEWED","adminId":"0x5b0E4eCEfd39e3c491728Aa8af5b49a83caD94B4","adminWallet":"0x5b0E4eCEfd39e3c491728Aa8af5b49a83caD94B4","status":"success","details":{"source":"cache","search":"","role":"","page":1},"timestamp":"2026-05-28T00:15:17.235Z"}
{"action":"USER_VIEWED","adminId":"0x5b0E4eCEfd39e3c491728Aa8af5b49a83caD94B4","adminWallet":"0x5b0E4eCEfd39e3c491728Aa8af5b49a83caD94B4","status":"success","details":{"source":"cache","search":"","role":"","page":1},"timestamp":"2026-05-28T00:15:17.321Z"}
{"action":"USER_VIEWED","adminId":"0x5b0E4eCEfd39e3c491728Aa8af5b49a83caD94B4","adminWallet":"0x5b0E4eCEfd39e3c491728Aa8af5b49a83caD94B4","status":"success","details":{"source":"cache","search":"","role":"","page":1},"timestamp":"2026-05-28T00:15:17.419Z"}
{"action":"USER_VIEWED","adminId":"0x5b0E4eCEfd39e3c491728Aa8af5b49a83caD94B4","adminWallet":"0x5b0E4eCEfd39e3c491728Aa8af5b49a83caD94B4","status":"success","details":{"source":"cache","search":"","role":"","page":1},"timestamp":"2026-05-28T00:15:17.611Z"}
{"action":"USER_VIEWED","adminId":"0x5b0E4eCEfd39e3c491728Aa8af5b49a83caD94B4","adminWallet":"0x5b0E4eCEfd39e3c491728Aa8af5b49a83caD94B4","status":"success","details":{"source":"cache","search":"","role":"","page":1},"timestamp":"2026-05-28T00:15:17.759Z"}
{"action":"USER_VIEWED","adminId":"0x5b0E4eCEfd39e3c491728Aa8af5b49a83caD94B4","adminWallet":"0x5b0E4eCEfd39e3c491728Aa8af5b49a83caD94B4","status":"success","details":{"source":"cache","search":"","role":"","page":1},"timestamp":"2026-05-28T00:15:17.894Z"}
{"action":"USER_VIEWED","adminId":"0x5b0E4eCEfd39e3c491728Aa8af5b49a83caD94B4","adminWallet":"0x5b0E4eCEfd39e3c491728Aa8af5b49a83caD94B4","status":"success","details":{"source":"cache","search":"","role":"","page":1},"timestamp":"2026-05-28T00:15:18.652Z"}
{"action":"USER_VIEWED","adminId":"0x5b0E4eCEfd39e3c491728Aa8af5b49a83caD94B4","adminWallet":"0x5b0E4eCEfd39e3c491728Aa8af5b49a83caD94B4","status":"success","details":{"source":"cache","search":"","role":"","page":1},"timestamp":"2026-05-28T00:15:18.742Z"}
{"action":"USER_VIEWED","adminId":"0x5b0E4eCEfd39e3c491728Aa8af5b49a83caD94B4","adminWallet":"0x5b0E4eCEfd39e3c491728Aa8af5b49a83caD94B4","status":"success","details":{"source":"cache","search":"","role":"","page":1},"timestamp":"2026-05-28T00:15:18.826Z"}
{"action":"USER_VIEWED","adminId":"0x5b0E4eCEfd39e3c491728Aa8af5b49a83caD94B4","adminWallet":"0x5b0E4eCEfd39e3c491728Aa8af5b49a83caD94B4","status":"success","details":{"source":"cache","search":"","role":"","page":1},"timestamp":"2026-05-28T00:15:18.884Z"}
{"action":"USER_VIEWED","adminId":"0x5b0E4eCEfd39e3c491728Aa8af5b49a83caD94B4","adminWallet":"0x5b0E4eCEfd39e3c491728Aa8af5b49a83caD94B4","status":"success","details":{"source":"cache","search":"","role":"","page":1},"timestamp":"2026-05-28T00:15:18.940Z"}
{"action":"USER_VIEWED","adminId":"0x5b0E4eCEfd39e3c491728Aa8af5b49a83caD94B4","adminWallet":"0x5b0E4eCEfd39e3c491728Aa8af5b49a83caD94B4","status":"success","details":{"source":"cache","search":"","role":"","page":1},"timestamp":"2026-05-28T00:15:19.012Z"}
{"action":"USER_VIEWED","adminId":"0x5b0E4eCEfd39e3c491728Aa8af5b49a83caD94B4","adminWallet":"0x5b0E4eCEfd39e3c491728Aa8af5b49a83caD94B4","status":"success","details":{"source":"cache","search":"","role":"","page":1},"timestamp":"2026-05-28T00:15:19.084Z"}
{"action":"USER_VIEWED","adminId":"0x5b0E4eCEfd39e3c491728Aa8af5b49a83caD94B4","adminWallet":"0x5b0E4eCEfd39e3c491728Aa8af5b49a83caD94B4","status":"success","details":{"source":"cache","search":"","role":"","page":1},"timestamp":"2026-05-28T00:15:19.158Z"}
{"action":"USER_VIEWED","adminId":"0x5b0E4eCEfd39e3c491728Aa8af5b49a83caD94B4","adminWallet":"0x5b0E4eCEfd39e3c491728Aa8af5b49a83caD94B4","status":"success","details":{"source":"cache","search":"","role":"","page":1},"timestamp":"2026-05-28T00:15:19.277Z"}
{"action":"USER_VIEWED","adminId":"0x5b0E4eCEfd39e3c491728Aa8af5b49a83caD94B4","adminWallet":"0x5b0E4eCEfd39e3c491728Aa8af5b49a83caD94B4","status":"success","details":{"source":"cache","search":"","role":"","page":1},"timestamp":"2026-05-28T00:15:19.343Z"}
{"action":"USER_VIEWED","adminId":"0x5b0E4eCEfd39e3c491728Aa8af5b49a83caD94B4","adminWallet":"0x5b0E4eCEfd39e3c491728Aa8af5b49a83caD94B4","status":"success","details":{"source":"cache","search":"","role":"","page":1},"timestamp":"2026-05-28T00:15:19.394Z"}
{"action":"USER_VIEWED","adminId":"0x5b0E4eCEfd39e3c491728Aa8af5b49a83caD94B4","adminWallet":"0x5b0E4eCEfd39e3c491728Aa8af5b49a83caD94B4","status":"success","details":{"source":"cache","search":"","role":"","page":1},"timestamp":"2026-05-28T00:15:19.464Z"}
{"action":"USER_VIEWED","adminId":"0x5b0E4eCEfd39e3c491728Aa8af5b49a83caD94B4","adminWallet":"0x5b0E4eCEfd39e3c491728Aa8af5b49a83caD94B4","status":"success","details":{"source":"cache","search":"","role":"","page":1},"timestamp":"2026-05-28T00:15:19.523Z"}
{"action":"USER_VIEWED","adminId":"0x5b0E4eCEfd39e3c491728Aa8af5b49a83caD94B4","adminWallet":"0x5b0E4eCEfd39e3c491728Aa8af5b49a83caD94B4","status":"success","details":{"source":"cache","search":"","role":"","page":1},"timestamp":"2026-05-28T00:15:20.001Z"}
{"action":"USER_VIEWED","adminId":"0x5b0E4eCEfd39e3c491728Aa8af5b49a83caD94B4","adminWallet":"0x5b0E4eCEfd39e3c491728Aa8af5b49a83caD94B4","status":"success","details":{"source":"cache","search":"","role":"","page":1},"timestamp":"2026-05-28T00:15:20.079Z"}
{"action":"USER_VIEWED","adminId":"0x5b0E4eCEfd39e3c491728Aa8af5b49a83caD94B4","adminWallet":"0x5b0E4eCEfd39e3c491728Aa8af5b49a83caD94B4","status":"success","details":{"source":"cache","search":"","role":"","page":1},"timestamp":"2026-05-28T00:15:20.152Z"}
{"action":"USER_VIEWED","adminId":"0x5b0E4eCEfd39e3c491728Aa8af5b49a83caD94B4","adminWallet":"0x5b0E4eCEfd39e3c491728Aa8af5b49a83caD94B4","status":"success","details":{"source":"cache","search":"","role":"","page":1},"timestamp":"2026-05-28T00:15:20.226Z"}
{"action":"USER_VIEWED","adminId":"0x5b0E4eCEfd39e3c491728Aa8af5b49a83caD94B4","adminWallet":"0x5b0E4eCEfd39e3c491728Aa8af5b49a83caD94B4","status":"success","details":{"source":"cache","search":"","role":"","page":1},"timestamp":"2026-05-28T00:15:20.328Z"}
{"action":"USER_VIEWED","adminId":"0x5b0E4eCEfd39e3c491728Aa8af5b49a83caD94B4","adminWallet":"0x5b0E4eCEfd39e3c491728Aa8af5b49a83caD94B4","status":"success","details":{"source":"cache","search":"","role":"","page":1},"timestamp":"2026-05-28T00:15:20.468Z"}
{"action":"USER_VIEWED","adminId":"0x5b0E4eCEfd39e3c491728Aa8af5b49a83caD94B4","adminWallet":"0x5b0E4eCEfd39e3c491728Aa8af5b49a83caD94B4","status":"success","details":{"source":"cache","search":"","role":"","page":1},"timestamp":"2026-05-28T00:15:20.605Z"}
{"action":"USER_VIEWED","adminId":"0x5b0E4eCEfd39e3c491728Aa8af5b49a83caD94B4","adminWallet":"0x5b0E4eCEfd39e3c491728Aa8af5b49a83caD94B4","status":"success","details":{"source":"cache","search":"","role":"","page":1},"timestamp":"2026-05-28T00:15:20.718Z"}
{"action":"USER_VIEWED","adminId":"0x5b0E4eCEfd39e3c491728Aa8af5b49a83caD94B4","adminWallet":"0x5b0E4eCEfd39e3c491728Aa8af5b49a83caD94B4","status":"success","details":{"source":"cache","search":"","role":"","page":1},"timestamp":"2026-05-28T00:15:20.863Z"}
{"action":"USER_VIEWED","adminId":"0x5b0E4eCEfd39e3c491728Aa8af5b49a83caD94B4","adminWallet":"0x5b0E4eCEfd39e3c491728Aa8af5b49a83caD94B4","status":"success","details":{"source":"cache","search":"","role":"","page":1},"timestamp":"2026-05-28T00:15:20.981Z"}
{"action":"USER_VIEWED","adminId":"0x5b0E4eCEfd39e3c491728Aa8af5b49a83caD94B4","adminWallet":"0x5b0E4eCEfd39e3c491728Aa8af5b49a83caD94B4","status":"success","details":{"source":"cache","search":"","role":"","page":1},"timestamp":"2026-05-28T00:15:21.080Z"}
{"action":"USER_VIEWED","adminId":"0x5b0E4eCEfd39e3c491728Aa8af5b49a83caD94B4","adminWallet":"0x5b0E4eCEfd39e3c491728Aa8af5b49a83caD94B4","status":"success","details":{"source":"cache","search":"","role":"","page":1},"timestamp":"2026-05-28T00:15:21.163Z"}
{"action":"USER_VIEWED","adminId":"0x5b0E4eCEfd39e3c491728Aa8af5b49a83caD94B4","adminWallet":"0x5b0E4eCEfd39e3c491728Aa8af5b49a83caD94B4","status":"success","details":{"source":"cache","search":"","role":"","page":1},"timestamp":"2026-05-28T00:15:21.228Z"}
{"action":"USER_VIEWED","adminId":"0x5b0E4eCEfd39e3c491728Aa8af5b49a83caD94B4","adminWallet":"0x5b0E4eCEfd39e3c491728Aa8af5b49a83caD94B4","status":"success","details":{"source":"cache","search":"","role":"","page":1},"timestamp":"2026-05-28T00:15:21.318Z"}
{"action":"USER_VIEWED","adminId":"0x5b0E4eCEfd39e3c491728Aa8af5b49a83caD94B4","adminWallet":"0x5b0E4eCEfd39e3c491728Aa8af5b49a83caD94B4","status":"success","details":{"source":"cache","search":"","role":"","page":1},"timestamp":"2026-05-28T00:15:21.420Z"}
{"action":"USER_VIEWED","adminId":"0x5b0E4eCEfd39e3c491728Aa8af5b49a83caD94B4","adminWallet":"0x5b0E4eCEfd39e3c491728Aa8af5b49a83caD94B4","status":"success","details":{"source":"cache","search":"","role":"","page":1},"timestamp":"2026-05-28T00:15:21.504Z"}
{"action":"USER_VIEWED","adminId":"0x5b0E4eCEfd39e3c491728Aa8af5b49a83caD94B4","adminWallet":"0x5b0E4eCEfd39e3c491728Aa8af5b49a83caD94B4","status":"success","details":{"source":"cache","search":"","role":"","page":1},"timestamp":"2026-05-28T00:15:21.580Z"}
{"action":"USER_VIEWED","adminId":"0x5b0E4eCEfd39e3c491728Aa8af5b49a83caD94B4","adminWallet":"0x5b0E4eCEfd39e3c491728Aa8af5b49a83caD94B4","status":"success","details":{"source":"cache","search":"","role":"","page":1},"timestamp":"2026-05-28T00:15:21.662Z"}
{"action":"USER_VIEWED","adminId":"0x5b0E4eCEfd39e3c491728Aa8af5b49a83caD94B4","adminWallet":"0x5b0E4eCEfd39e3c491728Aa8af5b49a83caD94B4","status":"success","details":{"source":"cache","search":"","role":"","page":1},"timestamp":"2026-05-28T00:15:21.739Z"}
{"action":"USER_VIEWED","adminId":"0x5b0E4eCEfd39e3c491728Aa8af5b49a83caD94B4","adminWallet":"0x5b0E4eCEfd39e3c491728Aa8af5b49a83caD94B4","status":"success","details":{"source":"cache","search":"","role":"","page":1},"timestamp":"2026-05-28T00:15:21.808Z"}
{"action":"USER_VIEWED","adminId":"0x5b0E4eCEfd39e3c491728Aa8af5b49a83caD94B4","adminWallet":"0x5b0E4eCEfd39e3c491728Aa8af5b49a83caD94B4","status":"success","details":{"source":"cache","search":"","role":"","page":1},"timestamp":"2026-05-28T00:15:21.870Z"}
{"action":"USER_VIEWED","adminId":"0x5b0E4eCEfd39e3c491728Aa8af5b49a83caD94B4","adminWallet":"0x5b0E4eCEfd39e3c491728Aa8af5b49a83caD94B4","status":"success","details":{"source":"cache","search":"","role":"","page":1},"timestamp":"2026-05-28T00:15:21.953Z"}
{"action":"USER_VIEWED","adminId":"0x5b0E4eCEfd39e3c491728Aa8af5b49a83caD94B4","adminWallet":"0x5b0E4eCEfd39e3c491728Aa8af5b49a83caD94B4","status":"success","details":{"source":"cache","search":"","role":"","page":1},"timestamp":"2026-05-28T00:15:22.018Z"}
{"action":"USER_VIEWED","adminId":"0x5b0E4eCEfd39e3c491728Aa8af5b49a83caD94B4","adminWallet":"0x5b0E4eCEfd39e3c491728Aa8af5b49a83caD94B4","status":"success","details":{"source":"cache","search":"","role":"","page":1},"timestamp":"2026-05-28T00:15:22.090Z"}
{"action":"USER_VIEWED","adminId":"0x5b0E4eCEfd39e3c491728Aa8af5b49a83caD94B4","adminWallet":"0x5b0E4eCEfd39e3c491728Aa8af5b49a83caD94B4","status":"success","details":{"source":"cache","search":"","role":"","page":1},"timestamp":"2026-05-28T00:15:22.176Z"}
{"action":"USER_VIEWED","adminId":"0x5b0E4eCEfd39e3c491728Aa8af5b49a83caD94B4","adminWallet":"0x5b0E4eCEfd39e3c491728Aa8af5b49a83caD94B4","status":"success","details":{"source":"cache","search":"","role":"","page":1},"timestamp":"2026-05-28T00:15:22.246Z"}
{"action":"USER_VIEWED","adminId":"0x5b0E4eCEfd39e3c491728Aa8af5b49a83caD94B4","adminWallet":"0x5b0E4eCEfd39e3c491728Aa8af5b49a83caD94B4","status":"success","details":{"source":"cache","search":"","role":"","page":1},"timestamp":"2026-05-28T00:15:22.314Z"}
{"action":"USER_VIEWED","adminId":"0x5b0E4eCEfd39e3c491728Aa8af5b49a83caD94B4","adminWallet":"0x5b0E4eCEfd39e3c491728Aa8af5b49a83caD94B4","status":"success","details":{"source":"cache","search":"","role":"","page":1},"timestamp":"2026-05-28T00:15:22.390Z"}
{"action":"USER_VIEWED","adminId":"0x5b0E4eCEfd39e3c491728Aa8af5b49a83caD94B4","adminWallet":"0x5b0E4eCEfd39e3c491728Aa8af5b49a83caD94B4","status":"success","details":{"source":"cache","search":"","role":"","page":1},"timestamp":"2026-05-28T00:15:22.481Z"}
{"action":"USER_VIEWED","adminId":"0x5b0E4eCEfd39e3c491728Aa8af5b49a83caD94B4","adminWallet":"0x5b0E4eCEfd39e3c491728Aa8af5b49a83caD94B4","status":"success","details":{"source":"cache","search":"","role":"","page":1},"timestamp":"2026-05-28T00:15:22.565Z"}
{"action":"USER_VIEWED","adminId":"0x5b0E4eCEfd39e3c491728Aa8af5b49a83caD94B4","adminWallet":"0x5b0E4eCEfd39e3c491728Aa8af5b49a83caD94B4","status":"success","details":{"source":"cache","search":"","role":"","page":1},"timestamp":"2026-05-28T00:15:22.647Z"}
{"action":"USER_VIEWED","adminId":"0x5b0E4eCEfd39e3c491728Aa8af5b49a83caD94B4","adminWallet":"0x5b0E4eCEfd39e3c491728Aa8af5b49a83caD94B4","status":"success","details":{"source":"cache","search":"","role":"","page":1},"timestamp":"2026-05-28T00:15:22.724Z"}
{"action":"USER_VIEWED","adminId":"0x5b0E4eCEfd39e3c491728Aa8af5b49a83caD94B4","adminWallet":"0x5b0E4eCEfd39e3c491728Aa8af5b49a83caD94B4","status":"success","details":{"source":"cache","search":"","role":"","page":1},"timestamp":"2026-05-28T00:15:22.816Z"}
{"action":"USER_VIEWED","adminId":"0x5b0E4eCEfd39e3c491728Aa8af5b49a83caD94B4","adminWallet":"0x5b0E4eCEfd39e3c491728Aa8af5b49a83caD94B4","status":"success","details":{"source":"cache","search":"","role":"","page":1},"timestamp":"2026-05-28T00:15:22.893Z"}
{"action":"USER_VIEWED","adminId":"0x5b0E4eCEfd39e3c491728Aa8af5b49a83caD94B4","adminWallet":"0x5b0E4eCEfd39e3c491728Aa8af5b49a83caD94B4","status":"success","details":{"source":"cache","search":"","role":"","page":1},"timestamp":"2026-05-28T00:15:22.982Z"}
{"action":"USER_VIEWED","adminId":"0x5b0E4eCEfd39e3c491728Aa8af5b49a83caD94B4","adminWallet":"0x5b0E4eCEfd39e3c491728Aa8af5b49a83caD94B4","status":"success","details":{"source":"cache","search":"","role":"","page":1},"timestamp":"2026-05-28T00:15:23.040Z"}
{"action":"USER_VIEWED","adminId":"0x5b0E4eCEfd39e3c491728Aa8af5b49a83caD94B4","adminWallet":"0x5b0E4eCEfd39e3c491728Aa8af5b49a83caD94B4","status":"success","details":{"source":"cache","search":"","role":"","page":1},"timestamp":"2026-05-28T00:15:23.104Z"}
{"action":"USER_VIEWED","adminId":"0x5b0E4eCEfd39e3c491728Aa8af5b49a83caD94B4","adminWallet":"0x5b0E4eCEfd39e3c491728Aa8af5b49a83caD94B4","status":"success","details":{"source":"cache","search":"","role":"","page":1},"timestamp":"2026-05-28T00:15:23.184Z"}
{"action":"USER_VIEWED","adminId":"0x5b0E4eCEfd39e3c491728Aa8af5b49a83caD94B4","adminWallet":"0x5b0E4eCEfd39e3c491728Aa8af5b49a83caD94B4","status":"success","details":{"source":"cache","search":"","role":"","page":1},"timestamp":"2026-05-28T00:15:23.248Z"}
{"action":"USER_VIEWED","adminId":"0x5b0E4eCEfd39e3c491728Aa8af5b49a83caD94B4","adminWallet":"0x5b0E4eCEfd39e3c491728Aa8af5b49a83caD94B4","status":"success","details":{"source":"cache","search":"","role":"","page":1},"timestamp":"2026-05-28T00:15:23.317Z"}
{"action":"USER_VIEWED","adminId":"0x5b0E4eCEfd39e3c491728Aa8af5b49a83caD94B4","adminWallet":"0x5b0E4eCEfd39e3c491728Aa8af5b49a83caD94B4","status":"success","details":{"source":"cache","search":"","role":"","page":1},"timestamp":"2026-05-28T00:15:23.381Z"}
{"action":"USER_VIEWED","adminId":"0x5b0E4eCEfd39e3c491728Aa8af5b49a83caD94B4","adminWallet":"0x5b0E4eCEfd39e3c491728Aa8af5b49a83caD94B4","status":"success","details":{"source":"cache","search":"","role":"","page":1},"timestamp":"2026-05-28T00:15:23.457Z"}
{"action":"USER_VIEWED","adminId":"0x5b0E4eCEfd39e3c491728Aa8af5b49a83caD94B4","adminWallet":"0x5b0E4eCEfd39e3c491728Aa8af5b49a83caD94B4","status":"success","details":{"source":"cache","search":"","role":"","page":1},"timestamp":"2026-05-28T00:15:23.534Z"}
{"action":"USER_VIEWED","adminId":"0x5b0E4eCEfd39e3c491728Aa8af5b49a83caD94B4","adminWallet":"0x5b0E4eCEfd39e3c491728Aa8af5b49a83caD94B4","status":"success","details":{"source":"cache","search":"","role":"","page":1},"timestamp":"2026-05-28T00:15:23.632Z"}
{"action":"USER_VIEWED","adminId":"0x5b0E4eCEfd39e3c491728Aa8af5b49a83caD94B4","adminWallet":"0x5b0E4eCEfd39e3c491728Aa8af5b49a83caD94B4","status":"success","details":{"source":"cache","search":"","role":"","page":1},"timestamp":"2026-05-28T00:15:23.707Z"}
{"action":"USER_VIEWED","adminId":"0x5b0E4eCEfd39e3c491728Aa8af5b49a83caD94B4","adminWallet":"0x5b0E4eCEfd39e3c491728Aa8af5b49a83caD94B4","status":"success","details":{"source":"cache","search":"","role":"","page":1},"timestamp":"2026-05-28T00:15:23.783Z"}
{"action":"USER_VIEWED","adminId":"0x5b0E4eCEfd39e3c491728Aa8af5b49a83caD94B4","adminWallet":"0x5b0E4eCEfd39e3c491728Aa8af5b49a83caD94B4","status":"success","details":{"source":"cache","search":"","role":"","page":1},"timestamp":"2026-05-28T00:15:23.856Z"}
{"action":"USER_VIEWED","adminId":"0x5b0E4eCEfd39e3c491728Aa8af5b49a83caD94B4","adminWallet":"0x5b0E4eCEfd39e3c491728Aa8af5b49a83caD94B4","status":"success","details":{"source":"cache","search":"","role":"","page":1},"timestamp":"2026-05-28T00:15:23.931Z"}
{"action":"USER_VIEWED","adminId":"0x5b0E4eCEfd39e3c491728Aa8af5b49a83caD94B4","adminWallet":"0x5b0E4eCEfd39e3c491728Aa8af5b49a83caD94B4","status":"success","details":{"source":"cache","search":"","role":"","page":1},"timestamp":"2026-05-28T00:15:24.017Z"}
{"action":"USER_VIEWED","adminId":"0x5b0E4eCEfd39e3c491728Aa8af5b49a83caD94B4","adminWallet":"0x5b0E4eCEfd39e3c491728Aa8af5b49a83caD94B4","status":"success","details":{"source":"cache","search":"","role":"","page":1},"timestamp":"2026-05-28T00:15:24.095Z"}
{"action":"USER_VIEWED","adminId":"0x5b0E4eCEfd39e3c491728Aa8af5b49a83caD94B4","adminWallet":"0x5b0E4eCEfd39e3c491728Aa8af5b49a83caD94B4","status":"success","details":{"source":"cache","search":"","role":"","page":1},"timestamp":"2026-05-28T00:15:24.176Z"}
{"action":"USER_VIEWED","adminId":"0x5b0E4eCEfd39e3c491728Aa8af5b49a83caD94B4","adminWallet":"0x5b0E4eCEfd39e3c491728Aa8af5b49a83caD94B4","status":"success","details":{"source":"cache","search":"","role":"","page":1},"timestamp":"2026-05-28T00:15:24.256Z"}
{"action":"USER_VIEWED","adminId":"0x5b0E4eCEfd39e3c491728Aa8af5b49a83caD94B4","adminWallet":"0x5b0E4eCEfd39e3c491728Aa8af5b49a83caD94B4","status":"success","details":{"source":"cache","search":"","role":"","page":1},"timestamp":"2026-05-28T00:15:24.333Z"}
{"action":"USER_VIEWED","adminId":"0x5b0E4eCEfd39e3c491728Aa8af5b49a83caD94B4","adminWallet":"0x5b0E4eCEfd39e3c491728Aa8af5b49a83caD94B4","status":"success","details":{"source":"cache","search":"","role":"","page":1},"timestamp":"2026-05-28T00:15:24.418Z"}
{"action":"USER_VIEWED","adminId":"0x5b0E4eCEfd39e3c491728Aa8af5b49a83caD94B4","adminWallet":"0x5b0E4eCEfd39e3c491728Aa8af5b49a83caD94B4","status":"success","details":{"source":"cache","search":"","role":"","page":1},"timestamp":"2026-05-28T00:15:24.486Z"}
{"action":"SECURITY_ALERT","adminId":"admin:::1:anonymous","adminWallet":"unknown","status":"failure","details":{"reason":"Rate limit exceeded"},"errorMessage":"Rate limit exceeded. Reset at 2026-05-28T00:16:14.686Z","timestamp":"2026-05-28T00:15:24.557Z"}
{"action":"SECURITY_ALERT","adminId":"admin:::1:anonymous","adminWallet":"unknown","status":"failure","details":{"reason":"Rate limit exceeded"},"errorMessage":"Rate limit exceeded. Reset at 2026-05-28T00:16:14.686Z","timestamp":"2026-05-28T00:15:24.627Z"}
{"action":"SECURITY_ALERT","adminId":"admin:::1:anonymous","adminWallet":"unknown","status":"failure","details":{"reason":"Rate limit exceeded"},"errorMessage":"Rate limit exceeded. Reset at 2026-05-28T00:16:14.686Z","timestamp":"2026-05-28T00:15:24.675Z"}
{"action":"SECURITY_ALERT","adminId":"admin:::1:anonymous","adminWallet":"unknown","status":"failure","details":{"reason":"Rate limit exceeded"},"errorMessage":"Rate limit exceeded. Reset at 2026-05-28T00:16:14.686Z","timestamp":"2026-05-28T00:15:24.723Z"}
{"action":"SECURITY_ALERT","adminId":"admin:::1:anonymous","adminWallet":"unknown","status":"failure","details":{"reason":"Rate limit exceeded"},"errorMessage":"Rate limit exceeded. Reset at 2026-05-28T00:16:14.686Z","timestamp":"2026-05-28T00:15:24.771Z"}
{"action":"SECURITY_ALERT","adminId":"admin:::1:anonymous","adminWallet":"unknown","status":"failure","details":{"reason":"Rate limit exceeded"},"errorMessage":"Rate limit exceeded. Reset at 2026-05-28T00:16:14.686Z","timestamp":"2026-05-28T00:15:54.634Z"}
{"action":"SECURITY_ALERT","adminId":"admin:::1:anonymous","adminWallet":"unknown","status":"failure","details":{"reason":"Rate limit exceeded"},"errorMessage":"Rate limit exceeded. Reset at 2026-05-28T00:16:14.686Z","timestamp":"2026-05-28T00:15:54.962Z"}
{"action":"SECURITY_ALERT","adminId":"admin:::1:anonymous","adminWallet":"unknown","status":"failure","details":{"reason":"Rate limit exceeded"},"errorMessage":"Rate limit exceeded. Reset at 2026-05-28T00:16:14.686Z","timestamp":"2026-05-28T00:15:55.071Z"}
